[INFO] Scanning for projects...
[INFO] 
[INFO] ------------< com.gestor-de-compras:gestor-compras-backend >------------
[INFO] Building gestor-compras-backend 0.0.1-SNAPSHOT
[INFO]   from pom.xml
[INFO] --------------------------------[ jar ]---------------------------------
[INFO] 
[INFO] >>> spring-boot:3.3.1:run (default-cli) > test-compile @ gestor-compras-backend >>>
[INFO] 
[INFO] --- resources:3.3.1:resources (default-resources) @ gestor-compras-backend ---
[INFO] Copying 3 resources from src\main\resources to target\classes
[INFO] Copying 14 resources from src\main\resources to target\classes
[INFO] 
[INFO] --- compiler:3.13.0:compile (default-compile) @ gestor-compras-backend ---
[INFO] Nothing to compile - all classes are up to date.
[INFO] 
[INFO] --- resources:3.3.1:testResources (default-testResources) @ gestor-compras-backend ---
[INFO] skip non existing resourceDirectory C:\Users\ResTIC16\Desktop\gestor-compras\gestor-compras-backend\src\test\resources
[INFO] 
[INFO] --- compiler:3.13.0:testCompile (default-testCompile) @ gestor-compras-backend ---
[INFO] No sources to compile
[INFO] 
[INFO] <<< spring-boot:3.3.1:run (default-cli) < test-compile @ gestor-compras-backend <<<
[INFO] 
[INFO] 
[INFO] --- spring-boot:3.3.1:run (default-cli) @ gestor-compras-backend ---
[INFO] Attaching agents: []
Standard Commons Logging discovery in action with spring-jcl: please remove commons-logging.jar from classpath in order to avoid potential conflicts
Standard Commons Logging discovery in action with spring-jcl: please remove commons-logging.jar from classpath in order to avoid potential conflicts

  .   ____          _            __ _ _
 /\\ / ___'_ __ _ _(_)_ __  __ _ \ \ \ \
( ( )\___ | '_ | '_| | '_ \/ _` | \ \ \ \
 \\/  ___)| |_)| | | | | || (_| |  ) ) ) )
  '  |____| .__|_| |_|_| |_\__, | / / / /
 =========|_|==============|___/=/_/_/_/

 :: Spring Boot ::                (v3.3.1)

2025-10-14T23:45:41.610-03:00  INFO 13140 --- [  restartedMain] c.g.g.GestorComprasBackendApplication    : Starting GestorComprasBackendApplication using Java 21.0.8 with PID 13140 (C:\Users\ResTIC16\Desktop\gestor-compras\gestor-compras-backend\target\classes started by ResTIC16 in C:\Users\ResTIC16\Desktop\gestor-compras\gestor-compras-backend)
2025-10-14T23:45:41.613-03:00  INFO 13140 --- [  restartedMain] c.g.g.GestorComprasBackendApplication    : The following 1 profile is active: "dev"
2025-10-14T23:45:41.677-03:00  INFO 13140 --- [  restartedMain] .e.DevToolsPropertyDefaultsPostProcessor : Devtools property defaults active! Set 'spring.devtools.add-properties' to 'false' to disable
2025-10-14T23:45:41.678-03:00  INFO 13140 --- [  restartedMain] .e.DevToolsPropertyDefaultsPostProcessor : For additional web related logging consider setting the 'logging.level.web' property to 'DEBUG'
2025-10-14T23:45:42.863-03:00  INFO 13140 --- [  restartedMain] .s.d.r.c.RepositoryConfigurationDelegate : Bootstrapping Spring Data JPA repositories in DEFAULT mode.
2025-10-14T23:45:43.022-03:00  INFO 13140 --- [  restartedMain] .s.d.r.c.RepositoryConfigurationDelegate : Finished Spring Data repository scanning in 139 ms. Found 9 JPA repository interfaces.
2025-10-14T23:45:43.809-03:00  INFO 13140 --- [  restartedMain] o.s.b.w.embedded.tomcat.TomcatWebServer  : Tomcat initialized with port 8081 (http)
2025-10-14T23:45:43.826-03:00  INFO 13140 --- [  restartedMain] o.apache.catalina.core.StandardService   : Starting service [Tomcat]
2025-10-14T23:45:43.826-03:00  INFO 13140 --- [  restartedMain] o.apache.catalina.core.StandardEngine    : Starting Servlet engine: [Apache Tomcat/10.1.25]
2025-10-14T23:45:43.907-03:00  INFO 13140 --- [  restartedMain] o.a.c.c.C.[Tomcat].[localhost].[/]       : Initializing Spring embedded WebApplicationContext
2025-10-14T23:45:43.908-03:00  INFO 13140 --- [  restartedMain] w.s.c.ServletWebServerApplicationContext : Root WebApplicationContext: initialization completed in 2228 ms
Standard Commons Logging discovery in action with spring-jcl: please remove commons-logging.jar from classpath in order to avoid potential conflicts
2025-10-14T23:45:43.948-03:00  INFO 13140 --- [  restartedMain] com.zaxxer.hikari.HikariDataSource       : HikariPool-1 - Starting...
2025-10-14T23:45:44.227-03:00  INFO 13140 --- [  restartedMain] com.zaxxer.hikari.pool.HikariPool        : HikariPool-1 - Added connection org.postgresql.jdbc.PgConnection@3c22cbdc
2025-10-14T23:45:44.229-03:00  INFO 13140 --- [  restartedMain] com.zaxxer.hikari.HikariDataSource       : HikariPool-1 - Start completed.
2025-10-14T23:45:44.244-03:00  INFO 13140 --- [  restartedMain] o.s.b.a.h2.H2ConsoleAutoConfiguration    : H2 console available at '/h2-console'. Database available at 'jdbc:postgresql://localhost:5432/gestorcomprasbackend'
2025-10-14T23:45:44.513-03:00  INFO 13140 --- [  restartedMain] org.flywaydb.core.FlywayExecutor         : Database: jdbc:postgresql://localhost:5432/gestorcomprasbackend (PostgreSQL 17.5)
2025-10-14T23:45:44.532-03:00  WARN 13140 --- [  restartedMain] o.f.c.internal.database.base.Database    : Flyway upgrade recommended: PostgreSQL 17.5 is newer than this version of Flyway and support has not been tested. The latest supported version of PostgreSQL is 16.
2025-10-14T23:45:44.590-03:00  INFO 13140 --- [  restartedMain] o.f.core.internal.command.DbValidate     : Successfully validated 5 migrations (execution time 00:00.041s)
2025-10-14T23:45:44.606-03:00  INFO 13140 --- [  restartedMain] o.f.core.internal.command.DbMigrate      : Current version of schema "public": 5
2025-10-14T23:45:44.609-03:00  INFO 13140 --- [  restartedMain] o.f.core.internal.command.DbMigrate      : Schema "public" is up to date. No migration necessary.
2025-10-14T23:45:44.723-03:00  INFO 13140 --- [  restartedMain] o.hibernate.jpa.internal.util.LogHelper  : HHH000204: Processing PersistenceUnitInfo [name: default]
2025-10-14T23:45:44.789-03:00  INFO 13140 --- [  restartedMain] org.hibernate.Version                    : HHH000412: Hibernate ORM core version 6.5.2.Final
2025-10-14T23:45:44.845-03:00  INFO 13140 --- [  restartedMain] o.h.c.internal.RegionFactoryInitiator    : HHH000026: Second-level cache disabled
2025-10-14T23:45:45.256-03:00  INFO 13140 --- [  restartedMain] o.s.o.j.p.SpringPersistenceUnitInfo      : No LoadTimeWeaver setup: ignoring JPA class transformer
2025-10-14T23:45:45.333-03:00  WARN 13140 --- [  restartedMain] org.hibernate.orm.deprecation            : HHH90000025: PostgreSQLDialect does not need to be specified explicitly using 'hibernate.dialect' (remove the property setting and it will be selected by default)
2025-10-14T23:45:46.825-03:00  INFO 13140 --- [  restartedMain] o.h.e.t.j.p.i.JtaPlatformInitiator       : HHH000489: No JTA platform available (set 'hibernate.transaction.jta.platform' to enable JTA platform integration)
2025-10-14T23:45:46.829-03:00  INFO 13140 --- [  restartedMain] j.LocalContainerEntityManagerFactoryBean : Initialized JPA EntityManagerFactory for persistence unit 'default'
2025-10-14T23:45:47.350-03:00  INFO 13140 --- [  restartedMain] eAuthenticationProviderManagerConfigurer : Global AuthenticationManager configured with AuthenticationProvider bean with name authenticationProvider
2025-10-14T23:45:47.351-03:00  WARN 13140 --- [  restartedMain] r$InitializeUserDetailsManagerConfigurer : Global AuthenticationManager configured with an AuthenticationProvider bean. UserDetailsService beans will not be used for username/password login. Consider removing the AuthenticationProvider bean. Alternatively, consider using the UserDetailsService in a manually instantiated DaoAuthenticationProvider.
2025-10-14T23:45:47.650-03:00  WARN 13140 --- [  restartedMain] JpaBaseConfiguration$JpaWebConfiguration : spring.jpa.open-in-view is enabled by default. Therefore, database queries may be performed during view rendering. Explicitly configure spring.jpa.open-in-view to disable this warning
2025-10-14T23:45:48.003-03:00 DEBUG 13140 --- [  restartedMain] o.s.s.web.DefaultSecurityFilterChain     : Will secure any request with filters: DisableEncodeUrlFilter, WebAsyncManagerIntegrationFilter, SecurityContextHolderFilter, HeaderWriterFilter, CorsFilter, LogoutFilter, JwtFilter, RequestCacheAwareFilter, SecurityContextHolderAwareRequestFilter, AnonymousAuthenticationFilter, SessionManagementFilter, ExceptionTranslationFilter, AuthorizationFilter
2025-10-14T23:45:48.393-03:00  INFO 13140 --- [  restartedMain] o.s.b.d.a.OptionalLiveReloadServer       : LiveReload server is running on port 35729
2025-10-14T23:45:48.435-03:00  INFO 13140 --- [  restartedMain] o.s.b.w.embedded.tomcat.TomcatWebServer  : Tomcat started on port 8081 (http) with context path '/'
2025-10-14T23:45:48.445-03:00  INFO 13140 --- [  restartedMain] c.g.g.GestorComprasBackendApplication    : Started GestorComprasBackendApplication in 7.314 seconds (process running for 8.099)
